[2025-09-28T17:47:59.535Z] Exito en /ApiCierreCaja/configuracion/ejecutarScriptGeneral' | Script ejecutado exitosamente.
[2025-09-28T17:48:47.303Z] Error en /ApiCierreCaja/login' | Usuario con contraseña proporcionada no encontrado.
[2025-09-28T18:23:33.309Z] Error en /ApiCierreCaja/login' | Usuario con contraseña proporcionada no encontrado.
[2025-09-28T18:24:10.826Z] Exito en /ApiCierreCaja/login'  0 autenticado correctamente.
[2025-09-28T18:26:56.541Z] Exito en /ApiCierreCaja/configuracion/ejecutarScriptGeneral' | Script ejecutado exitosamente.
[2025-09-28T18:27:28.860Z] Exito en /ApiCierreCaja/configuracion/ejecutarScriptEmpresas' | Script para A4949E92939B ejecutado exitosamente.
[2025-09-28T18:28:07.408Z] Exito en /ApiCierreCaja/empresas/getEmpresas' | Usuario 0 obtuvo sus empresas correctamente.
[2025-09-28T18:28:35.872Z] Exito en /ApiCierreCaja/empresas/getTiendasCajas' | Usuario 0 obtuvo sus tiendas y cajas correctamente.
[2025-09-28T18:36:12.896Z] Exito en /ApiCierreCaja/empresas/getTiendasCajas' | Usuario 0 obtuvo sus tiendas y cajas correctamente.
[2025-09-28T18:36:57.842Z] Exito en /ApiCierreCaja/empresas/getTiendasCajas' | Usuario 0 obtuvo sus tiendas y cajas correctamente.
[2025-09-28T18:37:30.504Z] Error en /ApiCierreCaja/usuarios/getUsuarios' | Usuario 0 obtuvo sus datos correctamente.
[2025-09-28T18:37:44.509Z] Error en /ApiCierreCaja/usuarios/getUsuarios' | Usuario 0 obtuvo sus datos correctamente.
[2025-09-28T18:38:28.036Z] Exito en /ApiCierreCaja/usuarios/getUsuarios' | Usuario 0 obtuvo sus datos correctamente.
[2025-09-28T18:45:42.019Z] Exito en /ApiCierreCaja/usuarios/getUsuarios' | Usuario 0 obtuvo sus datos correctamente.
[2025-09-28T18:45:58.071Z] Exito en /ApiCierreCaja/cuentas/getConfiguracion' | Usuario 0 obtuvo su configuración correctamente.
[2025-09-28T18:51:34.654Z] Exito en /ApiCierreCaja/cuentas/getConfiguracion' | Usuario 0 obtuvo su configuración correctamente.
[2025-09-28T18:51:57.912Z] Exito en /ApiCierreCaja/configuracion/ejecutarScriptEmpresas' | Script para A4949E92939B ejecutado exitosamente.
[2025-09-28T18:52:02.000Z] Exito en /ApiCierreCaja/empresas/getEmpresas' | Usuario 0 obtuvo sus empresas correctamente.
[2025-09-28T18:59:14.030Z] Exito en /ApiCierreCaja/empresas/getEmpresas' | Usuario 0 obtuvo sus empresas correctamente.
[2025-09-28T19:00:09.882Z] Exito en /ApiCierreCaja/empresas/getEmpresas' | Usuario 0 obtuvo sus empresas correctamente.
[2025-09-28T19:00:19.247Z] Exito en /ApiCierreCaja/empresas/getEmpresas' | Usuario 0 obtuvo sus empresas correctamente.
[2025-09-28T19:00:43.050Z] Exito en /ApiCierreCaja/empresas/getEmpresas' | Usuario 0 obtuvo sus empresas correctamente.
[2025-09-28T19:03:18.825Z] Exito en /ApiCierreCaja/empresas/getEmpresas' | Usuario 0 obtuvo sus empresas correctamente.
[2025-09-28T19:07:55.789Z] Exito en /ApiCierreCaja/empresas/getEmpresas' | Usuario 0 obtuvo sus empresas correctamente.
[2025-09-28T19:08:52.385Z] Exito en /ApiCierreCaja/empresas/getTiendasCajas' | Usuario 0 obtuvo sus tiendas y cajas correctamente.
[2025-09-28T19:10:53.858Z] Exito en /ApiCierreCaja/usuarios/getUsuarios' | Usuario 0 obtuvo sus datos correctamente.
[2025-09-28T19:15:00.977Z] Exito en /ApiCierreCaja/empresas/getEmpresas' | Usuario 0 obtuvo sus empresas correctamente.
[2025-09-28T19:15:39.134Z] Exito en /ApiCierreCaja/cuentas/getConfiguracion' | Usuario 0 obtuvo su configuración correctamente.
[2025-09-28T19:24:25.111Z] Error en /ApiCierreCaja/cuentas/getAllCuentas' | Faltan datos requeridos (codusuario, codempresa)
[2025-09-28T19:26:25.798Z] Error en /ApiCierreCaja/cuentas/getAllCuentas' | Faltan datos requeridos (codusuario, codempresa)
[2025-09-28T19:27:54.368Z] Error en /ApiCierreCaja/cuentas/getAllCuentas' | Faltan datos requeridos (codusuario, codempresa)
[2025-09-28T19:32:35.241Z] Error en /ApiCierreCaja/cuentas/getAllCuentas' | pool.request is not a function
[2025-09-28T19:33:38.500Z] Exito en /ApiCierreCaja/cuentas/getAllCuentas' | Obtención de todas las cuentas realizada correctamente.
[2025-09-28T19:44:14.277Z] Exito en /ApiCierreCaja/cuentas/getAllCuentas' | Obtención de todas las cuentas realizada correctamente.
[2025-09-28T19:44:46.830Z] Exito en /ApiCierreCaja/cuentas/getConfiguracion' | Usuario 0 obtuvo su configuración correctamente.
[2025-09-28T20:07:21.321Z] Exito en /ApiCierreCaja/cuentas/getAllCuentas' | Obtención de todas las cuentas realizada correctamente.
[2025-09-28T20:07:33.939Z] Exito en /ApiCierreCaja/cuentas/getAllCuentas' | Obtención de todas las cuentas realizada correctamente.
[2025-09-28T20:08:43.167Z] Exito en /ApiCierreCaja/cuentas/getAllCuentas' | Obtención de todas las cuentas realizada correctamente.
[2025-09-28T20:08:43.170Z] Error en /ApiCierreCaja/cuentas/getAllCuentas' | robjetoUsuario is not defined
[2025-09-28T20:08:55.577Z] Exito en /ApiCierreCaja/cuentas/getAllCuentas' | Obtención de todas las cuentas realizada correctamente.
[2025-09-28T20:12:47.211Z] Exito en /ApiCierreCaja/cuentas/getAllCuentas' | Obtención de todas las cuentas realizada correctamente.
[2025-09-28T20:12:47.214Z] Error en /ApiCierreCaja/cuentas/getAllCuentas' | CODUSUARIO is not defined
[2025-09-28T20:13:06.854Z] Exito en /ApiCierreCaja/cuentas/getAllCuentas' | Obtención de todas las cuentas realizada correctamente.
[2025-09-28T20:24:38.080Z] Exito en /ApiCierreCaja/cuentas/getAllCuentas' | Obtención de todas las cuentas realizada correctamente.
